<?xml version="1.0" encoding="UTF-8"?>
<!-- Generated by org.testng.reporters.JUnitXMLReporter -->
<testsuite ignored="0" hostname="DESKTOP-3DNQ811" failures="0" tests="2" name="Error Validation Test" time="34.253" errors="0" timestamp="2023-12-29T12:07:38 EST">
  <testcase classname="rahulshettyacademy.tests.ErrorValidationsTest" name="LoginErrorValidation" time="0.847"/>
  <testcase classname="rahulshettyacademy.tests.ErrorValidationsTest" name="ProductErrorValidation" time="3.888"/>
</testsuite> <!-- Error Validation Test -->
