<?xml version="1.0" encoding="UTF-8"?>
<testng-results ignored="0" total="5" passed="5" failed="0" skipped="0">
  <reporter-output>
  </reporter-output>
  <suite started-at="2023-12-30T16:26:47 EST" name="Suite" finished-at="2023-12-30T16:27:20 EST" duration-ms="32566">
    <groups>
      <group name="ErrorHandling">
        <method signature="ErrorValidationsTest.LoginErrorValidation()[pri:0, instance:rahulshettyacademy.tests.ErrorValidationsTest@69c81773]" name="LoginErrorValidation" class="rahulshettyacademy.tests.ErrorValidationsTest"/>
      </group> <!-- ErrorHandling -->
      <group name="Purchase">
        <method signature="SubmitOrderTest.submitOrder(java.util.HashMap)[pri:0, instance:rahulshettyacademy.tests.SubmitOrderTest@183ec003]" name="submitOrder" class="rahulshettyacademy.tests.SubmitOrderTest"/>
      </group> <!-- Purchase -->
    </groups>
    <test started-at="2023-12-30T16:26:47 EST" name="Error Validation Test" finished-at="2023-12-30T16:27:08 EST" duration-ms="20801">
      <class name="rahulshettyacademy.tests.ErrorValidationsTest">
        <test-method is-config="true" signature="launchApplication()[pri:0, instance:rahulshettyacademy.tests.ErrorValidationsTest@69c81773]" started-at="2023-12-30T16:26:47 EST" name="launchApplication" finished-at="2023-12-30T16:26:57 EST" duration-ms="10009" status="PASS">
          <reporter-output>
          </reporter-output>
        </test-method> <!-- launchApplication -->
        <test-method signature="LoginErrorValidation()[pri:0, instance:rahulshettyacademy.tests.ErrorValidationsTest@69c81773]" started-at="2023-12-30T16:26:57 EST" name="LoginErrorValidation" finished-at="2023-12-30T16:26:59 EST" duration-ms="1230" status="PASS">
          <reporter-output>
          </reporter-output>
        </test-method> <!-- LoginErrorValidation -->
        <test-method is-config="true" signature="tearDown()[pri:0, instance:rahulshettyacademy.tests.ErrorValidationsTest@69c81773]" started-at="2023-12-30T16:26:59 EST" name="tearDown" finished-at="2023-12-30T16:26:59 EST" duration-ms="47" status="PASS">
          <reporter-output>
          </reporter-output>
        </test-method> <!-- tearDown -->
        <test-method is-config="true" signature="launchApplication()[pri:0, instance:rahulshettyacademy.tests.ErrorValidationsTest@69c81773]" started-at="2023-12-30T16:26:59 EST" name="launchApplication" finished-at="2023-12-30T16:27:05 EST" duration-ms="6069" status="PASS">
          <reporter-output>
          </reporter-output>
        </test-method> <!-- launchApplication -->
        <test-method signature="ProductErrorValidation()[pri:0, instance:rahulshettyacademy.tests.ErrorValidationsTest@69c81773]" started-at="2023-12-30T16:27:05 EST" name="ProductErrorValidation" finished-at="2023-12-30T16:27:08 EST" duration-ms="3341" status="PASS">
          <reporter-output>
          </reporter-output>
        </test-method> <!-- ProductErrorValidation -->
        <test-method is-config="true" signature="tearDown()[pri:0, instance:rahulshettyacademy.tests.ErrorValidationsTest@69c81773]" started-at="2023-12-30T16:27:08 EST" name="tearDown" finished-at="2023-12-30T16:27:08 EST" duration-ms="34" status="PASS">
          <reporter-output>
          </reporter-output>
        </test-method> <!-- tearDown -->
      </class> <!-- rahulshettyacademy.tests.ErrorValidationsTest -->
    </test> <!-- Error Validation Test -->
    <test started-at="2023-12-30T16:26:47 EST" name="Submit Order Test" finished-at="2023-12-30T16:27:20 EST" duration-ms="32566">
      <class name="rahulshettyacademy.tests.SubmitOrderTest">
        <test-method is-config="true" signature="launchApplication()[pri:0, instance:rahulshettyacademy.tests.SubmitOrderTest@183ec003]" started-at="2023-12-30T16:26:48 EST" name="launchApplication" finished-at="2023-12-30T16:26:58 EST" duration-ms="9945" status="PASS">
          <reporter-output>
          </reporter-output>
        </test-method> <!-- launchApplication -->
        <test-method signature="submitOrder(java.util.HashMap)[pri:0, instance:rahulshettyacademy.tests.SubmitOrderTest@183ec003]" started-at="2023-12-30T16:26:58 EST" name="submitOrder" data-provider="getData" finished-at="2023-12-30T16:27:02 EST" duration-ms="4436" status="PASS">
          <params>
            <param index="0">
              <value>
                <![CDATA[{password=Random@1234, product=ZARA COAT 3, email=neelp@gmail.com}]]>
              </value>
            </param>
          </params>
          <reporter-output>
          </reporter-output>
        </test-method> <!-- submitOrder -->
        <test-method is-config="true" signature="tearDown()[pri:0, instance:rahulshettyacademy.tests.SubmitOrderTest@183ec003]" started-at="2023-12-30T16:27:02 EST" name="tearDown" finished-at="2023-12-30T16:27:02 EST" duration-ms="34" status="PASS">
          <reporter-output>
          </reporter-output>
        </test-method> <!-- tearDown -->
        <test-method is-config="true" signature="launchApplication()[pri:0, instance:rahulshettyacademy.tests.SubmitOrderTest@183ec003]" started-at="2023-12-30T16:27:02 EST" name="launchApplication" finished-at="2023-12-30T16:27:08 EST" duration-ms="5975" status="PASS">
          <reporter-output>
          </reporter-output>
        </test-method> <!-- launchApplication -->
        <test-method signature="submitOrder(java.util.HashMap)[pri:0, instance:rahulshettyacademy.tests.SubmitOrderTest@183ec003]" started-at="2023-12-30T16:27:08 EST" name="submitOrder" data-provider="getData" finished-at="2023-12-30T16:27:12 EST" duration-ms="4475" status="PASS">
          <params>
            <param index="0">
              <value>
                <![CDATA[{password=Neelp@123, product=ADIDAS ORIGINAL, email=random1234@gmail.com}]]>
              </value>
            </param>
          </params>
          <reporter-output>
          </reporter-output>
        </test-method> <!-- submitOrder -->
        <test-method is-config="true" signature="tearDown()[pri:0, instance:rahulshettyacademy.tests.SubmitOrderTest@183ec003]" started-at="2023-12-30T16:27:12 EST" name="tearDown" finished-at="2023-12-30T16:27:13 EST" duration-ms="41" status="PASS">
          <reporter-output>
          </reporter-output>
        </test-method> <!-- tearDown -->
        <test-method is-config="true" signature="launchApplication()[pri:0, instance:rahulshettyacademy.tests.SubmitOrderTest@183ec003]" started-at="2023-12-30T16:27:13 EST" name="launchApplication" finished-at="2023-12-30T16:27:19 EST" duration-ms="6314" status="PASS">
          <reporter-output>
          </reporter-output>
        </test-method> <!-- launchApplication -->
        <test-method signature="OrderHistoryTest()[pri:0, instance:rahulshettyacademy.tests.SubmitOrderTest@183ec003]" started-at="2023-12-30T16:27:19 EST" name="OrderHistoryTest" finished-at="2023-12-30T16:27:20 EST" depends-on-methods="rahulshettyacademy.tests.SubmitOrderTest.submitOrder" duration-ms="978" status="PASS">
          <reporter-output>
          </reporter-output>
        </test-method> <!-- OrderHistoryTest -->
        <test-method is-config="true" signature="tearDown()[pri:0, instance:rahulshettyacademy.tests.SubmitOrderTest@183ec003]" started-at="2023-12-30T16:27:20 EST" name="tearDown" finished-at="2023-12-30T16:27:20 EST" duration-ms="30" status="PASS">
          <reporter-output>
          </reporter-output>
        </test-method> <!-- tearDown -->
      </class> <!-- rahulshettyacademy.tests.SubmitOrderTest -->
    </test> <!-- Submit Order Test -->
  </suite> <!-- Suite -->
</testng-results>
