<?xml version="1.0" encoding="UTF-8"?>
<testng-results ignored="0" total="5" passed="5" failed="0" skipped="0">
  <reporter-output>
  </reporter-output>
  <suite started-at="2023-12-10T10:34:54 EST" name="Suite" finished-at="2023-12-10T10:35:27 EST" duration-ms="32853">
    <groups>
      <group name="ErrorHandling">
        <method signature="ErrorValidationsTest.LoginErrorValidation()[pri:0, instance:rahulshettyacademy.tests.ErrorValidationsTest@97e93f1]" name="LoginErrorValidation" class="rahulshettyacademy.tests.ErrorValidationsTest"/>
      </group> <!-- ErrorHandling -->
      <group name="Purchase">
        <method signature="SubmitOrderTest.submitOrder(java.util.HashMap)[pri:0, instance:rahulshettyacademy.tests.SubmitOrderTest@43df23d3]" name="submitOrder" class="rahulshettyacademy.tests.SubmitOrderTest"/>
      </group> <!-- Purchase -->
    </groups>
    <test started-at="2023-12-10T10:34:54 EST" name="Error Validation Test" finished-at="2023-12-10T10:35:15 EST" duration-ms="21430">
      <class name="rahulshettyacademy.tests.ErrorValidationsTest">
        <test-method is-config="true" signature="launchApplication()[pri:0, instance:rahulshettyacademy.tests.ErrorValidationsTest@97e93f1]" started-at="2023-12-10T10:34:54 EST" name="launchApplication" finished-at="2023-12-10T10:35:06 EST" duration-ms="11446" status="PASS">
          <reporter-output>
          </reporter-output>
        </test-method> <!-- launchApplication -->
        <test-method signature="LoginErrorValidation()[pri:0, instance:rahulshettyacademy.tests.ErrorValidationsTest@97e93f1]" started-at="2023-12-10T10:35:06 EST" name="LoginErrorValidation" finished-at="2023-12-10T10:35:06 EST" duration-ms="711" status="PASS">
          <reporter-output>
          </reporter-output>
        </test-method> <!-- LoginErrorValidation -->
        <test-method is-config="true" signature="tearDown()[pri:0, instance:rahulshettyacademy.tests.ErrorValidationsTest@97e93f1]" started-at="2023-12-10T10:35:06 EST" name="tearDown" finished-at="2023-12-10T10:35:06 EST" duration-ms="44" status="PASS">
          <reporter-output>
          </reporter-output>
        </test-method> <!-- tearDown -->
        <test-method is-config="true" signature="launchApplication()[pri:0, instance:rahulshettyacademy.tests.ErrorValidationsTest@97e93f1]" started-at="2023-12-10T10:35:06 EST" name="launchApplication" finished-at="2023-12-10T10:35:12 EST" duration-ms="5774" status="PASS">
          <reporter-output>
          </reporter-output>
        </test-method> <!-- launchApplication -->
        <test-method signature="ProductErrorValidation()[pri:0, instance:rahulshettyacademy.tests.ErrorValidationsTest@97e93f1]" started-at="2023-12-10T10:35:12 EST" name="ProductErrorValidation" finished-at="2023-12-10T10:35:15 EST" duration-ms="3352" status="PASS">
          <reporter-output>
          </reporter-output>
        </test-method> <!-- ProductErrorValidation -->
        <test-method is-config="true" signature="tearDown()[pri:0, instance:rahulshettyacademy.tests.ErrorValidationsTest@97e93f1]" started-at="2023-12-10T10:35:15 EST" name="tearDown" finished-at="2023-12-10T10:35:15 EST" duration-ms="33" status="PASS">
          <reporter-output>
          </reporter-output>
        </test-method> <!-- tearDown -->
      </class> <!-- rahulshettyacademy.tests.ErrorValidationsTest -->
    </test> <!-- Error Validation Test -->
    <test started-at="2023-12-10T10:34:54 EST" name="Submit Order Test" finished-at="2023-12-10T10:35:27 EST" duration-ms="32853">
      <class name="rahulshettyacademy.tests.SubmitOrderTest">
        <test-method is-config="true" signature="launchApplication()[pri:0, instance:rahulshettyacademy.tests.SubmitOrderTest@43df23d3]" started-at="2023-12-10T10:34:54 EST" name="launchApplication" finished-at="2023-12-10T10:35:06 EST" duration-ms="11347" status="PASS">
          <reporter-output>
          </reporter-output>
        </test-method> <!-- launchApplication -->
        <test-method signature="submitOrder(java.util.HashMap)[pri:0, instance:rahulshettyacademy.tests.SubmitOrderTest@43df23d3]" started-at="2023-12-10T10:35:06 EST" name="submitOrder" data-provider="getData" finished-at="2023-12-10T10:35:10 EST" duration-ms="4457" status="PASS">
          <params>
            <param index="0">
              <value>
                <![CDATA[{password=Random@1234, product=ZARA COAT 3, email=neelp@gmail.com}]]>
              </value>
            </param>
          </params>
          <reporter-output>
          </reporter-output>
        </test-method> <!-- submitOrder -->
        <test-method is-config="true" signature="tearDown()[pri:0, instance:rahulshettyacademy.tests.SubmitOrderTest@43df23d3]" started-at="2023-12-10T10:35:10 EST" name="tearDown" finished-at="2023-12-10T10:35:10 EST" duration-ms="33" status="PASS">
          <reporter-output>
          </reporter-output>
        </test-method> <!-- tearDown -->
        <test-method is-config="true" signature="launchApplication()[pri:0, instance:rahulshettyacademy.tests.SubmitOrderTest@43df23d3]" started-at="2023-12-10T10:35:10 EST" name="launchApplication" finished-at="2023-12-10T10:35:16 EST" duration-ms="5740" status="PASS">
          <reporter-output>
          </reporter-output>
        </test-method> <!-- launchApplication -->
        <test-method signature="submitOrder(java.util.HashMap)[pri:0, instance:rahulshettyacademy.tests.SubmitOrderTest@43df23d3]" started-at="2023-12-10T10:35:16 EST" name="submitOrder" data-provider="getData" finished-at="2023-12-10T10:35:20 EST" duration-ms="4468" status="PASS">
          <params>
            <param index="0">
              <value>
                <![CDATA[{password=Neelp@123, product=ADIDAS ORIGINAL, email=random1234@gmail.com}]]>
              </value>
            </param>
          </params>
          <reporter-output>
          </reporter-output>
        </test-method> <!-- submitOrder -->
        <test-method is-config="true" signature="tearDown()[pri:0, instance:rahulshettyacademy.tests.SubmitOrderTest@43df23d3]" started-at="2023-12-10T10:35:20 EST" name="tearDown" finished-at="2023-12-10T10:35:20 EST" duration-ms="37" status="PASS">
          <reporter-output>
          </reporter-output>
        </test-method> <!-- tearDown -->
        <test-method is-config="true" signature="launchApplication()[pri:0, instance:rahulshettyacademy.tests.SubmitOrderTest@43df23d3]" started-at="2023-12-10T10:35:20 EST" name="launchApplication" finished-at="2023-12-10T10:35:26 EST" duration-ms="5425" status="PASS">
          <reporter-output>
          </reporter-output>
        </test-method> <!-- launchApplication -->
        <test-method signature="OrderHistoryTest()[pri:0, instance:rahulshettyacademy.tests.SubmitOrderTest@43df23d3]" started-at="2023-12-10T10:35:26 EST" name="OrderHistoryTest" finished-at="2023-12-10T10:35:27 EST" depends-on-methods="rahulshettyacademy.tests.SubmitOrderTest.submitOrder" duration-ms="960" status="PASS">
          <reporter-output>
          </reporter-output>
        </test-method> <!-- OrderHistoryTest -->
        <test-method is-config="true" signature="tearDown()[pri:0, instance:rahulshettyacademy.tests.SubmitOrderTest@43df23d3]" started-at="2023-12-10T10:35:27 EST" name="tearDown" finished-at="2023-12-10T10:35:27 EST" duration-ms="35" status="PASS">
          <reporter-output>
          </reporter-output>
        </test-method> <!-- tearDown -->
      </class> <!-- rahulshettyacademy.tests.SubmitOrderTest -->
    </test> <!-- Submit Order Test -->
  </suite> <!-- Suite -->
</testng-results>
