<?xml version="1.0" encoding="UTF-8"?>
<testng-results ignored="0" total="5" passed="5" failed="0" skipped="0">
  <reporter-output>
  </reporter-output>
  <suite started-at="2023-12-29T12:07:02 EST" name="Suite" finished-at="2023-12-29T12:07:53 EST" duration-ms="50926">
    <groups>
      <group name="ErrorHandling">
        <method signature="ErrorValidationsTest.LoginErrorValidation()[pri:0, instance:rahulshettyacademy.tests.ErrorValidationsTest@289710d9]" name="LoginErrorValidation" class="rahulshettyacademy.tests.ErrorValidationsTest"/>
      </group> <!-- ErrorHandling -->
      <group name="Purchase">
        <method signature="SubmitOrderTest.submitOrder(java.util.HashMap)[pri:0, instance:rahulshettyacademy.tests.SubmitOrderTest@4b40f651]" name="submitOrder" class="rahulshettyacademy.tests.SubmitOrderTest"/>
      </group> <!-- Purchase -->
    </groups>
    <test started-at="2023-12-29T12:07:02 EST" name="Error Validation Test" finished-at="2023-12-29T12:07:36 EST" duration-ms="34253">
      <class name="rahulshettyacademy.tests.ErrorValidationsTest">
        <test-method is-config="true" signature="launchApplication()[pri:0, instance:rahulshettyacademy.tests.ErrorValidationsTest@289710d9]" started-at="2023-12-29T12:07:02 EST" name="launchApplication" finished-at="2023-12-29T12:07:19 EST" duration-ms="16577" status="PASS">
          <reporter-output>
          </reporter-output>
        </test-method> <!-- launchApplication -->
        <test-method signature="LoginErrorValidation()[pri:0, instance:rahulshettyacademy.tests.ErrorValidationsTest@289710d9]" started-at="2023-12-29T12:07:19 EST" name="LoginErrorValidation" finished-at="2023-12-29T12:07:20 EST" duration-ms="847" status="PASS">
          <reporter-output>
          </reporter-output>
        </test-method> <!-- LoginErrorValidation -->
        <test-method is-config="true" signature="tearDown()[pri:0, instance:rahulshettyacademy.tests.ErrorValidationsTest@289710d9]" started-at="2023-12-29T12:07:20 EST" name="tearDown" finished-at="2023-12-29T12:07:20 EST" duration-ms="386" status="PASS">
          <reporter-output>
          </reporter-output>
        </test-method> <!-- tearDown -->
        <test-method is-config="true" signature="launchApplication()[pri:0, instance:rahulshettyacademy.tests.ErrorValidationsTest@289710d9]" started-at="2023-12-29T12:07:20 EST" name="launchApplication" finished-at="2023-12-29T12:07:29 EST" duration-ms="9262" status="PASS">
          <reporter-output>
          </reporter-output>
        </test-method> <!-- launchApplication -->
        <test-method signature="ProductErrorValidation()[pri:0, instance:rahulshettyacademy.tests.ErrorValidationsTest@289710d9]" started-at="2023-12-29T12:07:29 EST" name="ProductErrorValidation" finished-at="2023-12-29T12:07:33 EST" duration-ms="3888" status="PASS">
          <reporter-output>
          </reporter-output>
        </test-method> <!-- ProductErrorValidation -->
        <test-method is-config="true" signature="tearDown()[pri:0, instance:rahulshettyacademy.tests.ErrorValidationsTest@289710d9]" started-at="2023-12-29T12:07:33 EST" name="tearDown" finished-at="2023-12-29T12:07:36 EST" duration-ms="3142" status="PASS">
          <reporter-output>
          </reporter-output>
        </test-method> <!-- tearDown -->
      </class> <!-- rahulshettyacademy.tests.ErrorValidationsTest -->
    </test> <!-- Error Validation Test -->
    <test started-at="2023-12-29T12:07:02 EST" name="Submit Order Test" finished-at="2023-12-29T12:07:53 EST" duration-ms="50926">
      <class name="rahulshettyacademy.tests.SubmitOrderTest">
        <test-method is-config="true" signature="launchApplication()[pri:0, instance:rahulshettyacademy.tests.SubmitOrderTest@4b40f651]" started-at="2023-12-29T12:07:04 EST" name="launchApplication" finished-at="2023-12-29T12:07:18 EST" duration-ms="14648" status="PASS">
          <reporter-output>
          </reporter-output>
        </test-method> <!-- launchApplication -->
        <test-method signature="submitOrder(java.util.HashMap)[pri:0, instance:rahulshettyacademy.tests.SubmitOrderTest@4b40f651]" started-at="2023-12-29T12:07:18 EST" name="submitOrder" data-provider="getData" finished-at="2023-12-29T12:07:24 EST" duration-ms="5567" status="PASS">
          <params>
            <param index="0">
              <value>
                <![CDATA[{password=Random@1234, product=ZARA COAT 3, email=neelp@gmail.com}]]>
              </value>
            </param>
          </params>
          <reporter-output>
          </reporter-output>
        </test-method> <!-- submitOrder -->
        <test-method is-config="true" signature="tearDown()[pri:0, instance:rahulshettyacademy.tests.SubmitOrderTest@4b40f651]" started-at="2023-12-29T12:07:24 EST" name="tearDown" finished-at="2023-12-29T12:07:28 EST" duration-ms="3997" status="PASS">
          <reporter-output>
          </reporter-output>
        </test-method> <!-- tearDown -->
        <test-method is-config="true" signature="launchApplication()[pri:0, instance:rahulshettyacademy.tests.SubmitOrderTest@4b40f651]" started-at="2023-12-29T12:07:28 EST" name="launchApplication" finished-at="2023-12-29T12:07:35 EST" duration-ms="6980" status="PASS">
          <reporter-output>
          </reporter-output>
        </test-method> <!-- launchApplication -->
        <test-method signature="submitOrder(java.util.HashMap)[pri:0, instance:rahulshettyacademy.tests.SubmitOrderTest@4b40f651]" started-at="2023-12-29T12:07:35 EST" name="submitOrder" data-provider="getData" finished-at="2023-12-29T12:07:43 EST" duration-ms="8761" status="PASS">
          <params>
            <param index="0">
              <value>
                <![CDATA[{password=Neelp@123, product=ADIDAS ORIGINAL, email=random1234@gmail.com}]]>
              </value>
            </param>
          </params>
          <reporter-output>
          </reporter-output>
        </test-method> <!-- submitOrder -->
        <test-method is-config="true" signature="tearDown()[pri:0, instance:rahulshettyacademy.tests.SubmitOrderTest@4b40f651]" started-at="2023-12-29T12:07:43 EST" name="tearDown" finished-at="2023-12-29T12:07:44 EST" duration-ms="195" status="PASS">
          <reporter-output>
          </reporter-output>
        </test-method> <!-- tearDown -->
        <test-method is-config="true" signature="launchApplication()[pri:0, instance:rahulshettyacademy.tests.SubmitOrderTest@4b40f651]" started-at="2023-12-29T12:07:44 EST" name="launchApplication" finished-at="2023-12-29T12:07:51 EST" duration-ms="7716" status="PASS">
          <reporter-output>
          </reporter-output>
        </test-method> <!-- launchApplication -->
        <test-method signature="OrderHistoryTest()[pri:0, instance:rahulshettyacademy.tests.SubmitOrderTest@4b40f651]" started-at="2023-12-29T12:07:51 EST" name="OrderHistoryTest" finished-at="2023-12-29T12:07:53 EST" depends-on-methods="rahulshettyacademy.tests.SubmitOrderTest.submitOrder" duration-ms="1421" status="PASS">
          <reporter-output>
          </reporter-output>
        </test-method> <!-- OrderHistoryTest -->
        <test-method is-config="true" signature="tearDown()[pri:0, instance:rahulshettyacademy.tests.SubmitOrderTest@4b40f651]" started-at="2023-12-29T12:07:53 EST" name="tearDown" finished-at="2023-12-29T12:07:53 EST" duration-ms="259" status="PASS">
          <reporter-output>
          </reporter-output>
        </test-method> <!-- tearDown -->
      </class> <!-- rahulshettyacademy.tests.SubmitOrderTest -->
    </test> <!-- Submit Order Test -->
  </suite> <!-- Suite -->
</testng-results>
